<?xml version="1.0" encoding="UTF-8" standalone="yes"?>
<testsuites name="Registrasi" time="176" tests="0" failures="1" errors="0">
    <testsuite name="Registrasi" tests="0" failures="1" errors="0" time="176" timestamp="2019-10-15 12:32:18" hostname="Meteor_PC - DESKTOP-409KR41" id="Test Suites/Registrasi">
        <properties>
            <property name="deviceName" value="vivo vivo 1802 (Android 8.1.0)"/>
            <property name="devicePlatform" value=""/>
            <property name="logFolder" value="C:\\Users\\Meteor_PC\\Katalon Studio\\Alfamind\\Reports\\20191015_123211\\Registrasi\\20191015_123211"/>
            <property name="logFiles" value="C:\\Users\\Meteor_PC\\Katalon Studio\\Alfamind\\Reports\\20191015_123211\\Registrasi\\20191015_123211\\appium.log, C:\\Users\\Meteor_PC\\Katalon Studio\\Alfamind\\Reports\\20191015_123211\\Registrasi\\20191015_123211\\execution0.log"/>
            <property name="attachments" value="C:\\Users\\Meteor_PC\\Katalon Studio\\Alfamind\\Reports\\20191015_123211\\Registrasi\\20191015_123211\\1571117592513.png, C:\\Users\\Meteor_PC\\Katalon Studio\\Alfamind\\Reports\\20191015_123211\\Registrasi\\20191015_123211\\1571117594551.png, C:\\Users\\Meteor_PC\\Katalon Studio\\Alfamind\\Reports\\20191015_123211\\Registrasi\\20191015_123211\\1571117598434.png, C:\\Users\\Meteor_PC\\Katalon Studio\\Alfamind\\Reports\\20191015_123211\\Registrasi\\20191015_123211\\1571117627974.png, C:\\Users\\Meteor_PC\\Katalon Studio\\Alfamind\\Reports\\20191015_123211\\Registrasi\\20191015_123211\\1571117711830.png"/>
            <property name="hostName" value="Meteor_PC - DESKTOP-409KR41"/>
            <property name="os" value="Windows 10 64bit"/>
            <property name="appiumServerStatus" value="{\&quot;value\&quot;:{\&quot;build\&quot;:{\&quot;version\&quot;:\&quot;1.15.1\&quot;}},\&quot;sessionId\&quot;:null,\&quot;status\&quot;:0}"/>
            <property name="katalonVersion" value="6.3.3.11"/>
            <property name="deviceOS" value="Android"/>
            <property name="appiumVersion" value="1.15.1"/>
            <property name="deviceModel" value="vivo 1802"/>
            <property name="hostAddress" value="172.18.100.65"/>
            <property name="deviceManufacturer" value="vivo"/>
            <property name="deviceId" value="ZDDAE6LZQKTKW4BI"/>
            <property name="deviceName" value="vivo vivo 1802 (Android 8.1.0)"/>
            <property name="deviceOSVersion" value="8.1.0"/>
        </properties>
        <testcase name="Test Cases/Registrasi/Registrasi" classname="Test Cases/Registrasi/Registrasi" status="FAILED">
            <failure type="FAILED" message="Test Cases/Registrasi/Registrasi FAILED.&#xA;Reason:&#xA;com.kms.katalon.core.exception.StepFailedException: Unable to scroll to text 'BANTEN' (Root cause: org.openqa.selenium.NoSuchElementException: An element could not be located on the page using the given search parameters.&#xA;For documentation on this error, please visit: https://www.seleniumhq.org/exceptions/no_such_element.html&#xA;Build info: version: '3.141.59', revision: 'e82be7d358', time: '2018-11-14T08:25:53'&#xA;System info: host: 'DESKTOP-409KR41', ip: '172.18.100.65', os.name: 'Windows 10', os.arch: 'amd64', os.version: '10.0', java.version: '1.8.0_181'&#xA;Driver info: com.kms.katalon.core.appium.driver.SwipeableAndroidDriver&#xA;Capabilities {app: C:\Users\Meteor_PC\Download..., appPackage: id.meteor.alfamind, autoGrantPermissions: true, automationName: uiautomator2, databaseEnabled: false, desired: {app: C:\Users\Meteor_PC\Download..., autoGrantPermissions: true, automationName: uiautomator2, deviceId: , deviceName: vivo vivo 1802 (Android 8.1.0), fullReset: false, newCommandTimeout: 1800, noReset: true, platform: ANDROID, platformName: android, platformVersion: 8.1.0, systemPort: 3328, udid: ZDDAE6LZQKTKW4BI}, deviceApiLevel: 27, deviceId: , deviceManufacturer: vivo, deviceModel: vivo 1802, deviceName: ZDDAE6LZQKTKW4BI, deviceScreenDensity: 320, deviceScreenSize: 720x1520, deviceUDID: ZDDAE6LZQKTKW4BI, fullReset: false, javascriptEnabled: true, locationContextEnabled: false, networkConnectionEnabled: true, newCommandTimeout: 1800, noReset: true, pixelRatio: 2, platform: ANDROID, platformName: Android, platformVersion: 8.1.0, statBarHeight: 56, systemPort: 3328, takesScreenshot: true, udid: ZDDAE6LZQKTKW4BI, viewportRect: {height: 1380, left: 0, top: 56, width: 720}, warnings: {}, webStorageEnabled: false}&#xA;Session ID: c16d1f87-76eb-41ab-8684-c65cc9305023&#xA;*** Element info: {Using=-android uiautomator, value=new UiScrollable(new UiSelector().scrollable(true).instance(0)).scrollIntoView(new UiSelector().textContains(&quot;BANTEN&quot;))}&#xD;&#xA;&#x9;at org.openqa.selenium.remote.http.W3CHttpResponseCodec.createException(W3CHttpResponseCodec.java:187)&#xD;&#xA;&#x9;at org.openqa.selenium.remote.http.W3CHttpResponseCodec.decode(W3CHttpResponseCodec.java:122)&#xD;&#xA;&#x9;at org.openqa.selenium.remote.http.W3CHttpResponseCodec.decode(W3CHttpResponseCodec.java:49)&#xD;&#xA;&#x9;at org.openqa.selenium.remote.HttpCommandExecutor.execute(HttpCommandExecutor.java:158)&#xD;&#xA;&#x9;at io.appium.java_client.remote.AppiumCommandExecutor.execute(AppiumCommandExecutor.java:239)&#xD;&#xA;&#x9;at org.openqa.selenium.remote.RemoteWebDriver.execute(RemoteWebDriver.java:552)&#xD;&#xA;&#x9;at io.appium.java_client.DefaultGenericMobileDriver.execute(DefaultGenericMobileDriver.java:42)&#xD;&#xA;&#x9;at io.appium.java_client.AppiumDriver.execute(AppiumDriver.java:1)&#xD;&#xA;&#x9;at io.appium.java_client.android.AndroidDriver.execute(AndroidDriver.java:1)&#xD;&#xA;&#x9;at com.kms.katalon.core.appium.driver.SwipeableAndroidDriver.execute(SwipeableAndroidDriver.java:1)&#xD;&#xA;&#x9;at org.openqa.selenium.remote.RemoteWebDriver.findElement(RemoteWebDriver.java:323)&#xD;&#xA;&#x9;at io.appium.java_client.DefaultGenericMobileDriver.findElement(DefaultGenericMobileDriver.java:62)&#xD;&#xA;&#x9;at io.appium.java_client.AppiumDriver.findElement(AppiumDriver.java:1)&#xD;&#xA;&#x9;at io.appium.java_client.android.AndroidDriver.findElement(AndroidDriver.java:1)&#xD;&#xA;&#x9;at com.kms.katalon.core.appium.driver.SwipeableAndroidDriver.findElement(SwipeableAndroidDriver.java:1)&#xD;&#xA;&#x9;at io.appium.java_client.FindsByAndroidUIAutomator.findElementByAndroidUIAutomator(FindsByAndroidUIAutomator.java:38)&#xD;&#xA;&#x9;at io.appium.java_client.FindsByAndroidUIAutomator$findElementByAndroidUIAutomator.call(Unknown Source)&#xD;&#xA;&#x9;at com.kms.katalon.core.mobile.keyword.builtin.ScrollToTextKeyword$_scrollToText_closure1.doCall(ScrollToTextKeyword.groovy:62)&#xD;&#xA;&#x9;at com.kms.katalon.core.mobile.keyword.builtin.ScrollToTextKeyword$_scrollToText_closure1.doCall(ScrollToTextKeyword.groovy)&#xD;&#xA;&#x9;at com.kms.katalon.core.mobile.keyword.internal.MobileKeywordMain.runKeyword(MobileKeywordMain.groovy:21)&#xD;&#xA;&#x9;at com.kms.katalon.core.mobile.keyword.internal.MobileKeywordMain$runKeyword.call(Unknown Source)&#xD;&#xA;&#x9;at com.kms.katalon.core.mobile.keyword.builtin.ScrollToTextKeyword.scrollToText(ScrollToTextKeyword.groovy:85)&#xD;&#xA;&#x9;at com.kms.katalon.core.mobile.keyword.builtin.ScrollToTextKeyword.execute(ScrollToTextKeyword.groovy:41)&#xD;&#xA;&#x9;at com.kms.katalon.core.keyword.internal.KeywordExecutor.executeKeywordForPlatform(KeywordExecutor.groovy:56)&#xD;&#xA;&#x9;at com.kms.katalon.core.mobile.keyword.MobileBuiltInKeywords.scrollToText(MobileBuiltInKeywords.groovy:899)&#xD;&#xA;&#x9;at com.kms.katalon.core.mobile.keyword.MobileBuiltInKeywords$scrollToText$7.call(Unknown Source)&#xD;&#xA;&#x9;at Registrasi.run(Registrasi:149)&#xD;&#xA;&#x9;at com.kms.katalon.core.main.ScriptEngine.run(ScriptEngine.java:194)&#xD;&#xA;&#x9;at com.kms.katalon.core.main.ScriptEngine.runScriptAsRawText(ScriptEngine.java:119)&#xD;&#xA;&#x9;at com.kms.katalon.core.main.TestCaseExecutor.runScript(TestCaseExecutor.java:337)&#xD;&#xA;&#x9;at com.kms.katalon.core.main.TestCaseExecutor.doExecute(TestCaseExecutor.java:328)&#xD;&#xA;&#x9;at com.kms.katalon.core.main.TestCaseExecutor.processExecutionPhase(TestCaseExecutor.java:307)&#xD;&#xA;&#x9;at com.kms.katalon.core.main.TestCaseExecutor.accessMainPhase(TestCaseExecutor.java:299)&#xD;&#xA;&#x9;at com.kms.katalon.core.main.TestCaseExecutor.execute(TestCaseExecutor.java:233)&#xD;&#xA;&#x9;at com.kms.katalon.core.main.TestSuiteExecutor.accessTestCaseMainPhase(TestSuiteExecutor.java:169)&#xD;&#xA;&#x9;at com.kms.katalon.core.main.TestSuiteExecutor.accessTestSuiteMainPhase(TestSuiteExecutor.java:142)&#xD;&#xA;&#x9;at com.kms.katalon.core.main.TestSuiteExecutor.execute(TestSuiteExecutor.java:91)&#xD;&#xA;&#x9;at com.kms.katalon.core.main.TestCaseMain.startTestSuite(TestCaseMain.java:157)&#xD;&#xA;&#x9;at com.kms.katalon.core.main.TestCaseMain$startTestSuite$0.call(Unknown Source)&#xD;&#xA;&#x9;at TempTestSuite1571117531950.run(TempTestSuite1571117531950.groovy:35)&#xD;&#xA;)&#xD;&#xA;&#x9;at com.kms.katalon.core.keyword.internal.KeywordMain.stepFailed(KeywordMain.groovy:50)&#xD;&#xA;&#x9;at com.kms.katalon.core.mobile.keyword.internal.MobileKeywordMain.stepFailed(MobileKeywordMain.groovy:40)&#xD;&#xA;&#x9;at com.kms.katalon.core.mobile.keyword.internal.MobileKeywordMain.runKeyword(MobileKeywordMain.groovy:23)&#xD;&#xA;&#x9;at com.kms.katalon.core.mobile.keyword.internal.MobileKeywordMain$runKeyword.call(Unknown Source)&#xD;&#xA;&#x9;at com.kms.katalon.core.mobile.keyword.builtin.ScrollToTextKeyword.scrollToText(ScrollToTextKeyword.groovy:85)&#xD;&#xA;&#x9;at com.kms.katalon.core.mobile.keyword.builtin.ScrollToTextKeyword.execute(ScrollToTextKeyword.groovy:41)&#xD;&#xA;&#x9;at com.kms.katalon.core.keyword.internal.KeywordExecutor.executeKeywordForPlatform(KeywordExecutor.groovy:56)&#xD;&#xA;&#x9;at com.kms.katalon.core.mobile.keyword.MobileBuiltInKeywords.scrollToText(MobileBuiltInKeywords.groovy:899)&#xD;&#xA;&#x9;at com.kms.katalon.core.mobile.keyword.MobileBuiltInKeywords$scrollToText$7.call(Unknown Source)&#xD;&#xA;&#x9;at Registrasi.run(Registrasi:149)&#xD;&#xA;&#x9;at com.kms.katalon.core.main.ScriptEngine.run(ScriptEngine.java:194)&#xD;&#xA;&#x9;at com.kms.katalon.core.main.ScriptEngine.runScriptAsRawText(ScriptEngine.java:119)&#xD;&#xA;&#x9;at com.kms.katalon.core.main.TestCaseExecutor.runScript(TestCaseExecutor.java:337)&#xD;&#xA;&#x9;at com.kms.katalon.core.main.TestCaseExecutor.doExecute(TestCaseExecutor.java:328)&#xD;&#xA;&#x9;at com.kms.katalon.core.main.TestCaseExecutor.processExecutionPhase(TestCaseExecutor.java:307)&#xD;&#xA;&#x9;at com.kms.katalon.core.main.TestCaseExecutor.accessMainPhase(TestCaseExecutor.java:299)&#xD;&#xA;&#x9;at com.kms.katalon.core.main.TestCaseExecutor.execute(TestCaseExecutor.java:233)&#xD;&#xA;&#x9;at com.kms.katalon.core.main.TestSuiteExecutor.accessTestCaseMainPhase(TestSuiteExecutor.java:169)&#xD;&#xA;&#x9;at com.kms.katalon.core.main.TestSuiteExecutor.accessTestSuiteMainPhase(TestSuiteExecutor.java:142)&#xD;&#xA;&#x9;at com.kms.katalon.core.main.TestSuiteExecutor.execute(TestSuiteExecutor.java:91)&#xD;&#xA;&#x9;at com.kms.katalon.core.main.TestCaseMain.startTestSuite(TestCaseMain.java:157)&#xD;&#xA;&#x9;at com.kms.katalon.core.main.TestCaseMain$startTestSuite$0.call(Unknown Source)&#xD;&#xA;&#x9;at TempTestSuite1571117531950.run(TempTestSuite1571117531950.groovy:35)&#xD;&#xA;Caused by: org.openqa.selenium.NoSuchElementException: An element could not be located on the page using the given search parameters.&#xA;For documentation on this error, please visit: https://www.seleniumhq.org/exceptions/no_such_element.html&#xA;Build info: version: '3.141.59', revision: 'e82be7d358', time: '2018-11-14T08:25:53'&#xA;System info: host: 'DESKTOP-409KR41', ip: '172.18.100.65', os.name: 'Windows 10', os.arch: 'amd64', os.version: '10.0', java.version: '1.8.0_181'&#xA;Driver info: com.kms.katalon.core.appium.driver.SwipeableAndroidDriver&#xA;Capabilities {app: C:\Users\Meteor_PC\Download..., appPackage: id.meteor.alfamind, autoGrantPermissions: true, automationName: uiautomator2, databaseEnabled: false, desired: {app: C:\Users\Meteor_PC\Download..., autoGrantPermissions: true, automationName: uiautomator2, deviceId: , deviceName: vivo vivo 1802 (Android 8.1.0), fullReset: false, newCommandTimeout: 1800, noReset: true, platform: ANDROID, platformName: android, platformVersion: 8.1.0, systemPort: 3328, udid: ZDDAE6LZQKTKW4BI}, deviceApiLevel: 27, deviceId: , deviceManufacturer: vivo, deviceModel: vivo 1802, deviceName: ZDDAE6LZQKTKW4BI, deviceScreenDensity: 320, deviceScreenSize: 720x1520, deviceUDID: ZDDAE6LZQKTKW4BI, fullReset: false, javascriptEnabled: true, locationContextEnabled: false, networkConnectionEnabled: true, newCommandTimeout: 1800, noReset: true, pixelRatio: 2, platform: ANDROID, platformName: Android, platformVersion: 8.1.0, statBarHeight: 56, systemPort: 3328, takesScreenshot: true, udid: ZDDAE6LZQKTKW4BI, viewportRect: {height: 1380, left: 0, top: 56, width: 720}, warnings: {}, webStorageEnabled: false}&#xA;Session ID: c16d1f87-76eb-41ab-8684-c65cc9305023&#xA;*** Element info: {Using=-android uiautomator, value=new UiScrollable(new UiSelector().scrollable(true).instance(0)).scrollIntoView(new UiSelector().textContains(&quot;BANTEN&quot;))}&#xD;&#xA;&#x9;at org.openqa.selenium.remote.http.W3CHttpResponseCodec.createException(W3CHttpResponseCodec.java:187)&#xD;&#xA;&#x9;at org.openqa.selenium.remote.http.W3CHttpResponseCodec.decode(W3CHttpResponseCodec.java:122)&#xD;&#xA;&#x9;at org.openqa.selenium.remote.http.W3CHttpResponseCodec.decode(W3CHttpResponseCodec.java:49)&#xD;&#xA;&#x9;at org.openqa.selenium.remote.HttpCommandExecutor.execute(HttpCommandExecutor.java:158)&#xD;&#xA;&#x9;at io.appium.java_client.remote.AppiumCommandExecutor.execute(AppiumCommandExecutor.java:239)&#xD;&#xA;&#x9;at org.openqa.selenium.remote.RemoteWebDriver.execute(RemoteWebDriver.java:552)&#xD;&#xA;&#x9;at io.appium.java_client.DefaultGenericMobileDriver.execute(DefaultGenericMobileDriver.java:42)&#xD;&#xA;&#x9;at io.appium.java_client.AppiumDriver.execute(AppiumDriver.java:1)&#xD;&#xA;&#x9;at io.appium.java_client.android.AndroidDriver.execute(AndroidDriver.java:1)&#xD;&#xA;&#x9;at com.kms.katalon.core.appium.driver.SwipeableAndroidDriver.execute(SwipeableAndroidDriver.java:1)&#xD;&#xA;&#x9;at org.openqa.selenium.remote.RemoteWebDriver.findElement(RemoteWebDriver.java:323)&#xD;&#xA;&#x9;at io.appium.java_client.DefaultGenericMobileDriver.findElement(DefaultGenericMobileDriver.java:62)&#xD;&#xA;&#x9;at io.appium.java_client.AppiumDriver.findElement(AppiumDriver.java:1)&#xD;&#xA;&#x9;at io.appium.java_client.android.AndroidDriver.findElement(AndroidDriver.java:1)&#xD;&#xA;&#x9;at com.kms.katalon.core.appium.driver.SwipeableAndroidDriver.findElement(SwipeableAndroidDriver.java:1)&#xD;&#xA;&#x9;at io.appium.java_client.FindsByAndroidUIAutomator.findElementByAndroidUIAutomator(FindsByAndroidUIAutomator.java:38)&#xD;&#xA;&#x9;at io.appium.java_client.FindsByAndroidUIAutomator$findElementByAndroidUIAutomator.call(Unknown Source)&#xD;&#xA;&#x9;at com.kms.katalon.core.mobile.keyword.builtin.ScrollToTextKeyword$_scrollToText_closure1.doCall(ScrollToTextKeyword.groovy:62)&#xD;&#xA;&#x9;at com.kms.katalon.core.mobile.keyword.builtin.ScrollToTextKeyword$_scrollToText_closure1.doCall(ScrollToTextKeyword.groovy)&#xD;&#xA;&#x9;at com.kms.katalon.core.mobile.keyword.internal.MobileKeywordMain.runKeyword(MobileKeywordMain.groovy:21)&#xD;&#xA;&#x9;... 20 more&#xD;&#xA;"/>
            <system-out>2019-10-15 12:32:19 - [TEST_CASE][FAILED] - Test Cases/Registrasi/Registrasi: Test Cases/Registrasi/Registrasi FAILED.
Reason:
com.kms.katalon.core.exception.StepFailedException: Unable to scroll to text 'BANTEN' (Root cause: org.openqa.selenium.NoSuchElementException: An element could not be located on the page using the given search parameters.
For documentation on this error, please visit: https://www.seleniumhq.org/exceptions/no_such_element.html
Build info: version: '3.141.59', revision: 'e82be7d358', time: '2018-11-14T08:25:53'
System info: host: 'DESKTOP-409KR41', ip: '172.18.100.65', os.name: 'Windows 10', os.arch: 'amd64', os.version: '10.0', java.version: '1.8.0_181'
Driver info: com.kms.katalon.core.appium.driver.SwipeableAndroidDriver
Capabilities {app: C:\Users\Meteor_PC\Download..., appPackage: id.meteor.alfamind, autoGrantPermissions: true, automationName: uiautomator2, databaseEnabled: false, desired: {app: C:\Users\Meteor_PC\Download..., autoGrantPermissions: true, automationName: uiautomator2, deviceId: , deviceName: vivo vivo 1802 (Android 8.1.0), fullReset: false, newCommandTimeout: 1800, noReset: true, platform: ANDROID, platformName: android, platformVersion: 8.1.0, systemPort: 3328, udid: ZDDAE6LZQKTKW4BI}, deviceApiLevel: 27, deviceId: , deviceManufacturer: vivo, deviceModel: vivo 1802, deviceName: ZDDAE6LZQKTKW4BI, deviceScreenDensity: 320, deviceScreenSize: 720x1520, deviceUDID: ZDDAE6LZQKTKW4BI, fullReset: false, javascriptEnabled: true, locationContextEnabled: false, networkConnectionEnabled: true, newCommandTimeout: 1800, noReset: true, pixelRatio: 2, platform: ANDROID, platformName: Android, platformVersion: 8.1.0, statBarHeight: 56, systemPort: 3328, takesScreenshot: true, udid: ZDDAE6LZQKTKW4BI, viewportRect: {height: 1380, left: 0, top: 56, width: 720}, warnings: {}, webStorageEnabled: false}
Session ID: c16d1f87-76eb-41ab-8684-c65cc9305023
*** Element info: {Using=-android uiautomator, value=new UiScrollable(new UiSelector().scrollable(true).instance(0)).scrollIntoView(new UiSelector().textContains("BANTEN"))}&#xD;
	at org.openqa.selenium.remote.http.W3CHttpResponseCodec.createException(W3CHttpResponseCodec.java:187)&#xD;
	at org.openqa.selenium.remote.http.W3CHttpResponseCodec.decode(W3CHttpResponseCodec.java:122)&#xD;
	at org.openqa.selenium.remote.http.W3CHttpResponseCodec.decode(W3CHttpResponseCodec.java:49)&#xD;
	at org.openqa.selenium.remote.HttpCommandExecutor.execute(HttpCommandExecutor.java:158)&#xD;
	at io.appium.java_client.remote.AppiumCommandExecutor.execute(AppiumCommandExecutor.java:239)&#xD;
	at org.openqa.selenium.remote.RemoteWebDriver.execute(RemoteWebDriver.java:552)&#xD;
	at io.appium.java_client.DefaultGenericMobileDriver.execute(DefaultGenericMobileDriver.java:42)&#xD;
	at io.appium.java_client.AppiumDriver.execute(AppiumDriver.java:1)&#xD;
	at io.appium.java_client.android.AndroidDriver.execute(AndroidDriver.java:1)&#xD;
	at com.kms.katalon.core.appium.driver.SwipeableAndroidDriver.execute(SwipeableAndroidDriver.java:1)&#xD;
	at org.openqa.selenium.remote.RemoteWebDriver.findElement(RemoteWebDriver.java:323)&#xD;
	at io.appium.java_client.DefaultGenericMobileDriver.findElement(DefaultGenericMobileDriver.java:62)&#xD;
	at io.appium.java_client.AppiumDriver.findElement(AppiumDriver.java:1)&#xD;
	at io.appium.java_client.android.AndroidDriver.findElement(AndroidDriver.java:1)&#xD;
	at com.kms.katalon.core.appium.driver.SwipeableAndroidDriver.findElement(SwipeableAndroidDriver.java:1)&#xD;
	at io.appium.java_client.FindsByAndroidUIAutomator.findElementByAndroidUIAutomator(FindsByAndroidUIAutomator.java:38)&#xD;
	at io.appium.java_client.FindsByAndroidUIAutomator$findElementByAndroidUIAutomator.call(Unknown Source)&#xD;
	at com.kms.katalon.core.mobile.keyword.builtin.ScrollToTextKeyword$_scrollToText_closure1.doCall(ScrollToTextKeyword.groovy:62)&#xD;
	at com.kms.katalon.core.mobile.keyword.builtin.ScrollToTextKeyword$_scrollToText_closure1.doCall(ScrollToTextKeyword.groovy)&#xD;
	at com.kms.katalon.core.mobile.keyword.internal.MobileKeywordMain.runKeyword(MobileKeywordMain.groovy:21)&#xD;
	at com.kms.katalon.core.mobile.keyword.internal.MobileKeywordMain$runKeyword.call(Unknown Source)&#xD;
	at com.kms.katalon.core.mobile.keyword.builtin.ScrollToTextKeyword.scrollToText(ScrollToTextKeyword.groovy:85)&#xD;
	at com.kms.katalon.core.mobile.keyword.builtin.ScrollToTextKeyword.execute(ScrollToTextKeyword.groovy:41)&#xD;
	at com.kms.katalon.core.keyword.internal.KeywordExecutor.executeKeywordForPlatform(KeywordExecutor.groovy:56)&#xD;
	at com.kms.katalon.core.mobile.keyword.MobileBuiltInKeywords.scrollToText(MobileBuiltInKeywords.groovy:899)&#xD;
	at com.kms.katalon.core.mobile.keyword.MobileBuiltInKeywords$scrollToText$7.call(Unknown Source)&#xD;
	at Registrasi.run(Registrasi:149)&#xD;
	at com.kms.katalon.core.main.ScriptEngine.run(ScriptEngine.java:194)&#xD;
	at com.kms.katalon.core.main.ScriptEngine.runScriptAsRawText(ScriptEngine.java:119)&#xD;
	at com.kms.katalon.core.main.TestCaseExecutor.runScript(TestCaseExecutor.java:337)&#xD;
	at com.kms.katalon.core.main.TestCaseExecutor.doExecute(TestCaseExecutor.java:328)&#xD;
	at com.kms.katalon.core.main.TestCaseExecutor.processExecutionPhase(TestCaseExecutor.java:307)&#xD;
	at com.kms.katalon.core.main.TestCaseExecutor.accessMainPhase(TestCaseExecutor.java:299)&#xD;
	at com.kms.katalon.core.main.TestCaseExecutor.execute(TestCaseExecutor.java:233)&#xD;
	at com.kms.katalon.core.main.TestSuiteExecutor.accessTestCaseMainPhase(TestSuiteExecutor.java:169)&#xD;
	at com.kms.katalon.core.main.TestSuiteExecutor.accessTestSuiteMainPhase(TestSuiteExecutor.java:142)&#xD;
	at com.kms.katalon.core.main.TestSuiteExecutor.execute(TestSuiteExecutor.java:91)&#xD;
	at com.kms.katalon.core.main.TestCaseMain.startTestSuite(TestCaseMain.java:157)&#xD;
	at com.kms.katalon.core.main.TestCaseMain$startTestSuite$0.call(Unknown Source)&#xD;
	at TempTestSuite1571117531950.run(TempTestSuite1571117531950.groovy:35)&#xD;
)&#xD;
	at com.kms.katalon.core.keyword.internal.KeywordMain.stepFailed(KeywordMain.groovy:50)&#xD;
	at com.kms.katalon.core.mobile.keyword.internal.MobileKeywordMain.stepFailed(MobileKeywordMain.groovy:40)&#xD;
	at com.kms.katalon.core.mobile.keyword.internal.MobileKeywordMain.runKeyword(MobileKeywordMain.groovy:23)&#xD;
	at com.kms.katalon.core.mobile.keyword.internal.MobileKeywordMain$runKeyword.call(Unknown Source)&#xD;
	at com.kms.katalon.core.mobile.keyword.builtin.ScrollToTextKeyword.scrollToText(ScrollToTextKeyword.groovy:85)&#xD;
	at com.kms.katalon.core.mobile.keyword.builtin.ScrollToTextKeyword.execute(ScrollToTextKeyword.groovy:41)&#xD;
	at com.kms.katalon.core.keyword.internal.KeywordExecutor.executeKeywordForPlatform(KeywordExecutor.groovy:56)&#xD;
	at com.kms.katalon.core.mobile.keyword.MobileBuiltInKeywords.scrollToText(MobileBuiltInKeywords.groovy:899)&#xD;
	at com.kms.katalon.core.mobile.keyword.MobileBuiltInKeywords$scrollToText$7.call(Unknown Source)&#xD;
	at Registrasi.run(Registrasi:149)&#xD;
	at com.kms.katalon.core.main.ScriptEngine.run(ScriptEngine.java:194)&#xD;
	at com.kms.katalon.core.main.ScriptEngine.runScriptAsRawText(ScriptEngine.java:119)&#xD;
	at com.kms.katalon.core.main.TestCaseExecutor.runScript(TestCaseExecutor.java:337)&#xD;
	at com.kms.katalon.core.main.TestCaseExecutor.doExecute(TestCaseExecutor.java:328)&#xD;
	at com.kms.katalon.core.main.TestCaseExecutor.processExecutionPhase(TestCaseExecutor.java:307)&#xD;
	at com.kms.katalon.core.main.TestCaseExecutor.accessMainPhase(TestCaseExecutor.java:299)&#xD;
	at com.kms.katalon.core.main.TestCaseExecutor.execute(TestCaseExecutor.java:233)&#xD;
	at com.kms.katalon.core.main.TestSuiteExecutor.accessTestCaseMainPhase(TestSuiteExecutor.java:169)&#xD;
	at com.kms.katalon.core.main.TestSuiteExecutor.accessTestSuiteMainPhase(TestSuiteExecutor.java:142)&#xD;
	at com.kms.katalon.core.main.TestSuiteExecutor.execute(TestSuiteExecutor.java:91)&#xD;
	at com.kms.katalon.core.main.TestCaseMain.startTestSuite(TestCaseMain.java:157)&#xD;
	at com.kms.katalon.core.main.TestCaseMain$startTestSuite$0.call(Unknown Source)&#xD;
	at TempTestSuite1571117531950.run(TempTestSuite1571117531950.groovy:35)&#xD;
Caused by: org.openqa.selenium.NoSuchElementException: An element could not be located on the page using the given search parameters.
For documentation on this error, please visit: https://www.seleniumhq.org/exceptions/no_such_element.html
Build info: version: '3.141.59', revision: 'e82be7d358', time: '2018-11-14T08:25:53'
System info: host: 'DESKTOP-409KR41', ip: '172.18.100.65', os.name: 'Windows 10', os.arch: 'amd64', os.version: '10.0', java.version: '1.8.0_181'
Driver info: com.kms.katalon.core.appium.driver.SwipeableAndroidDriver
Capabilities {app: C:\Users\Meteor_PC\Download..., appPackage: id.meteor.alfamind, autoGrantPermissions: true, automationName: uiautomator2, databaseEnabled: false, desired: {app: C:\Users\Meteor_PC\Download..., autoGrantPermissions: true, automationName: uiautomator2, deviceId: , deviceName: vivo vivo 1802 (Android 8.1.0), fullReset: false, newCommandTimeout: 1800, noReset: true, platform: ANDROID, platformName: android, platformVersion: 8.1.0, systemPort: 3328, udid: ZDDAE6LZQKTKW4BI}, deviceApiLevel: 27, deviceId: , deviceManufacturer: vivo, deviceModel: vivo 1802, deviceName: ZDDAE6LZQKTKW4BI, deviceScreenDensity: 320, deviceScreenSize: 720x1520, deviceUDID: ZDDAE6LZQKTKW4BI, fullReset: false, javascriptEnabled: true, locationContextEnabled: false, networkConnectionEnabled: true, newCommandTimeout: 1800, noReset: true, pixelRatio: 2, platform: ANDROID, platformName: Android, platformVersion: 8.1.0, statBarHeight: 56, systemPort: 3328, takesScreenshot: true, udid: ZDDAE6LZQKTKW4BI, viewportRect: {height: 1380, left: 0, top: 56, width: 720}, warnings: {}, webStorageEnabled: false}
Session ID: c16d1f87-76eb-41ab-8684-c65cc9305023
*** Element info: {Using=-android uiautomator, value=new UiScrollable(new UiSelector().scrollable(true).instance(0)).scrollIntoView(new UiSelector().textContains("BANTEN"))}&#xD;
	at org.openqa.selenium.remote.http.W3CHttpResponseCodec.createException(W3CHttpResponseCodec.java:187)&#xD;
	at org.openqa.selenium.remote.http.W3CHttpResponseCodec.decode(W3CHttpResponseCodec.java:122)&#xD;
	at org.openqa.selenium.remote.http.W3CHttpResponseCodec.decode(W3CHttpResponseCodec.java:49)&#xD;
	at org.openqa.selenium.remote.HttpCommandExecutor.execute(HttpCommandExecutor.java:158)&#xD;
	at io.appium.java_client.remote.AppiumCommandExecutor.execute(AppiumCommandExecutor.java:239)&#xD;
	at org.openqa.selenium.remote.RemoteWebDriver.execute(RemoteWebDriver.java:552)&#xD;
	at io.appium.java_client.DefaultGenericMobileDriver.execute(DefaultGenericMobileDriver.java:42)&#xD;
	at io.appium.java_client.AppiumDriver.execute(AppiumDriver.java:1)&#xD;
	at io.appium.java_client.android.AndroidDriver.execute(AndroidDriver.java:1)&#xD;
	at com.kms.katalon.core.appium.driver.SwipeableAndroidDriver.execute(SwipeableAndroidDriver.java:1)&#xD;
	at org.openqa.selenium.remote.RemoteWebDriver.findElement(RemoteWebDriver.java:323)&#xD;
	at io.appium.java_client.DefaultGenericMobileDriver.findElement(DefaultGenericMobileDriver.java:62)&#xD;
	at io.appium.java_client.AppiumDriver.findElement(AppiumDriver.java:1)&#xD;
	at io.appium.java_client.android.AndroidDriver.findElement(AndroidDriver.java:1)&#xD;
	at com.kms.katalon.core.appium.driver.SwipeableAndroidDriver.findElement(SwipeableAndroidDriver.java:1)&#xD;
	at io.appium.java_client.FindsByAndroidUIAutomator.findElementByAndroidUIAutomator(FindsByAndroidUIAutomator.java:38)&#xD;
	at io.appium.java_client.FindsByAndroidUIAutomator$findElementByAndroidUIAutomator.call(Unknown Source)&#xD;
	at com.kms.katalon.core.mobile.keyword.builtin.ScrollToTextKeyword$_scrollToText_closure1.doCall(ScrollToTextKeyword.groovy:62)&#xD;
	at com.kms.katalon.core.mobile.keyword.builtin.ScrollToTextKeyword$_scrollToText_closure1.doCall(ScrollToTextKeyword.groovy)&#xD;
	at com.kms.katalon.core.mobile.keyword.internal.MobileKeywordMain.runKeyword(MobileKeywordMain.groovy:21)&#xD;
	... 20 more&#xD;
&#xD;
&#xD;
2019-10-15 12:32:22 - [TEST_STEP][PASSED] - startApplication(ApkFile, false): Started app at: 'C:\Users\Meteor_PC\Downloads\Alfamind_debug - env_dev_v2 - 141019_1522.apk'&#xD;
&#xD;
2019-10-15 12:32:26 - [MESSAGE][INFO] - User set preference: ['deviceId', '']&#xD;
&#xD;
2019-10-15 12:32:34 - [MESSAGE][INFO] - Appium server started on port 3.329&#xD;
&#xD;
2019-10-15 12:33:03 - [MESSAGE][PASSED] - Started app at: 'C:\Users\Meteor_PC\Downloads\Alfamind_debug - env_dev_v2 - 141019_1522.apk'&#xD;
&#xD;
2019-10-15 12:33:03 - [TEST_STEP][PASSED] - delay(3): Delayed 3 second(s)&#xD;
&#xD;
2019-10-15 12:33:06 - [MESSAGE][PASSED] - Delayed 3 second(s)&#xD;
&#xD;
2019-10-15 12:33:06 - [TEST_STEP][PASSED] - punya_toko = getText(findTestObject("Object Repository/Landing Page/android.widget.TextView0 - Punya Toko Sendiri Dengan Modal Minim"), 5, OPTIONAL): Object Object Repository/Landing Page/android.widget.TextView0 - Punya Toko Sendiri Dengan Modal Minim not found&#xD;
&#xD;
2019-10-15 12:33:13 - [MESSAGE][WARNING] - Object Object Repository/Landing Page/android.widget.TextView0 - Punya Toko Sendiri Dengan Modal Minim not found&#xD;
[[ATTACHMENT|C:\\Users\\Meteor_PC\\Katalon Studio\\Alfamind\\Reports\\20191015_123211\\Registrasi\\20191015_123211\\1571117592513.png]]&#xD;
&#xD;
2019-10-15 12:33:13 - [TEST_STEP][PASSED] - Landing_page = verifyElementAttributeValue(findTestObject("Object Repository/Landing Page/android.widget.TextView0 - Punya Toko Sendiri Dengan Modal Minim"), "text", punya_toko, 5, OPTIONAL): Element 'Object Repository/Landing Page/android.widget.TextView0 - Punya Toko Sendiri Dengan Modal Minim' not found&#xD;
&#xD;
2019-10-15 12:33:14 - [MESSAGE][WARNING] - Element 'Object Repository/Landing Page/android.widget.TextView0 - Punya Toko Sendiri Dengan Modal Minim' not found&#xD;
&#xD;
2019-10-15 12:33:14 - [TEST_STEP][PASSED] - if (Landing_page == true): null&#xD;
&#xD;
2019-10-15 12:33:14 - [TEST_STEP][PASSED] - takeScreenshot(): Screenshot is taken&#xD;
&#xD;
2019-10-15 12:33:15 - [MESSAGE][PASSED] - Screenshot is taken&#xD;
[[ATTACHMENT|C:\\Users\\Meteor_PC\\Katalon Studio\\Alfamind\\Reports\\20191015_123211\\Registrasi\\20191015_123211\\1571117594551.png]]&#xD;
&#xD;
2019-10-15 12:33:15 - [TEST_STEP][PASSED] - waitForElementAttributeValue(findTestObject("Menu Bawah/Menu - Akun"), "text", "Akun", 5): Object 'Object Repository/Menu Bawah/Menu - Akun' has attribute 'text' with value 'Akun'&#xD;
&#xD;
2019-10-15 12:33:16 - [MESSAGE][PASSED] - Object 'Object Repository/Menu Bawah/Menu - Akun' has attribute 'text' with value 'Akun'&#xD;
&#xD;
2019-10-15 12:33:16 - [TEST_STEP][PASSED] - tap(findTestObject("Menu Bawah/Menu - Akun"), 5): Tapped on element 'Object Repository/Menu Bawah/Menu - Akun'&#xD;
&#xD;
2019-10-15 12:33:18 - [MESSAGE][PASSED] - Tapped on element 'Object Repository/Menu Bawah/Menu - Akun'&#xD;
&#xD;
2019-10-15 12:33:18 - [TEST_STEP][PASSED] - takeScreenshot(): Screenshot is taken&#xD;
&#xD;
2019-10-15 12:33:19 - [MESSAGE][PASSED] - Screenshot is taken&#xD;
[[ATTACHMENT|C:\\Users\\Meteor_PC\\Katalon Studio\\Alfamind\\Reports\\20191015_123211\\Registrasi\\20191015_123211\\1571117598434.png]]&#xD;
&#xD;
2019-10-15 12:33:19 - [TEST_STEP][PASSED] - tap(findTestObject("Object Repository/Halaman Registrasi/Registrasi - DAFTAR BARU"), 5): Tapped on element 'Object Repository/Halaman Registrasi/Registrasi - DAFTAR BARU'&#xD;
&#xD;
2019-10-15 12:33:21 - [MESSAGE][PASSED] - Tapped on element 'Object Repository/Halaman Registrasi/Registrasi - DAFTAR BARU'&#xD;
&#xD;
2019-10-15 12:33:21 - [TEST_STEP][PASSED] - setText(findTestObject("Object Repository/Halaman Registrasi/Register - nama depan"), nama_depan, 5): Text 'Testing' has been set to element 'Object Repository/Halaman Registrasi/Register - nama depan'&#xD;
&#xD;
2019-10-15 12:33:22 - [MESSAGE][PASSED] - Text 'Testing' has been set to element 'Object Repository/Halaman Registrasi/Register - nama depan'&#xD;
&#xD;
2019-10-15 12:33:22 - [TEST_STEP][PASSED] - setText(findTestObject("Object Repository/Halaman Registrasi/Register - nama belakang"), nama_belakang, 5): Text 'Pertama' has been set to element 'Object Repository/Halaman Registrasi/Register - nama belakang'&#xD;
&#xD;
2019-10-15 12:33:24 - [MESSAGE][PASSED] - Text 'Pertama' has been set to element 'Object Repository/Halaman Registrasi/Register - nama belakang'&#xD;
&#xD;
2019-10-15 12:33:24 - [TEST_STEP][PASSED] - tap(findTestObject("Object Repository/Halaman Registrasi/Registrasi - Jenis kelamin"), 5): Tapped on element 'Object Repository/Halaman Registrasi/Registrasi - Jenis kelamin'&#xD;
&#xD;
2019-10-15 12:33:26 - [MESSAGE][PASSED] - Tapped on element 'Object Repository/Halaman Registrasi/Registrasi - Jenis kelamin'&#xD;
&#xD;
2019-10-15 12:33:26 - [TEST_STEP][PASSED] - object_jeniskelamin = findTestObject("Halaman Registrasi/pilihan registrasi/Pilihan - jenis kelamin"): null&#xD;
&#xD;
2019-10-15 12:33:26 - [TEST_STEP][PASSED] - object_jeniskelamin.addProperty("text", EQUALS, jenis_kelamin): null&#xD;
&#xD;
2019-10-15 12:33:26 - [TEST_STEP][PASSED] - tap(object_jeniskelamin, 5): Tapped on element 'Object Repository/Halaman Registrasi/pilihan registrasi/Pilihan - jenis kelamin'&#xD;
&#xD;
2019-10-15 12:33:28 - [MESSAGE][PASSED] - Tapped on element 'Object Repository/Halaman Registrasi/pilihan registrasi/Pilihan - jenis kelamin'&#xD;
&#xD;
2019-10-15 12:33:28 - [TEST_STEP][PASSED] - setText(findTestObject("Object Repository/Halaman Registrasi/Registrasi - email"), new_email_register, 5): Text 'tester3@grr.la' has been set to element 'Object Repository/Halaman Registrasi/Registrasi - email'&#xD;
&#xD;
2019-10-15 12:33:29 - [MESSAGE][PASSED] - Text 'tester3@grr.la' has been set to element 'Object Repository/Halaman Registrasi/Registrasi - email'&#xD;
&#xD;
2019-10-15 12:33:29 - [TEST_STEP][PASSED] - tap(findTestObject("Object Repository/Halaman Registrasi/Registrasi - tanggal lahir"), 5): Tapped on element 'Object Repository/Halaman Registrasi/Registrasi - tanggal lahir'&#xD;
&#xD;
2019-10-15 12:33:32 - [MESSAGE][PASSED] - Tapped on element 'Object Repository/Halaman Registrasi/Registrasi - tanggal lahir'&#xD;
&#xD;
2019-10-15 12:33:32 - [TEST_STEP][PASSED] - object_tanggal = findTestObject("Object Repository/Halaman Registrasi/pilihan registrasi/Pilihan - Tanggal lahir"): null&#xD;
&#xD;
2019-10-15 12:33:32 - [TEST_STEP][PASSED] - object_tanggal.addProperty("text", EQUALS, tanggal_lahir): null&#xD;
&#xD;
2019-10-15 12:33:32 - [TEST_STEP][PASSED] - if (verifyElementNotExist(object_tanggal, 5, OPTIONAL)): Scrolling to text '29' successfully&#xD;
&#xD;
2019-10-15 12:33:37 - [MESSAGE][PASSED] - Element 'Object Repository/Halaman Registrasi/pilihan registrasi/Pilihan - Tanggal lahir' not found&#xD;
&#xD;
2019-10-15 12:33:37 - [TEST_STEP][PASSED] - scrollToText(tanggal_lahir): Scrolling to text '29' successfully&#xD;
&#xD;
2019-10-15 12:33:43 - [MESSAGE][PASSED] - Scrolling to text '29' successfully&#xD;
&#xD;
2019-10-15 12:33:43 - [TEST_STEP][PASSED] - tap(object_tanggal, 5): Tapped on element 'Object Repository/Halaman Registrasi/pilihan registrasi/Pilihan - Tanggal lahir'&#xD;
&#xD;
2019-10-15 12:33:45 - [MESSAGE][PASSED] - Tapped on element 'Object Repository/Halaman Registrasi/pilihan registrasi/Pilihan - Tanggal lahir'&#xD;
&#xD;
2019-10-15 12:33:45 - [TEST_STEP][PASSED] - tap(findTestObject("Object Repository/Halaman Registrasi/Registrasi - bulan lahir"), 5): Tapped on element 'Object Repository/Halaman Registrasi/Registrasi - bulan lahir'&#xD;
&#xD;
2019-10-15 12:33:47 - [MESSAGE][PASSED] - Tapped on element 'Object Repository/Halaman Registrasi/Registrasi - bulan lahir'&#xD;
&#xD;
2019-10-15 12:33:47 - [TEST_STEP][PASSED] - object_bulan = findTestObject("Object Repository/Halaman Registrasi/pilihan registrasi/Pilihan - Bulan lahir"): null&#xD;
&#xD;
2019-10-15 12:33:47 - [TEST_STEP][PASSED] - object_bulan.addProperty("text", EQUALS, bulan_lahir): null&#xD;
&#xD;
2019-10-15 12:33:47 - [TEST_STEP][PASSED] - if (verifyElementNotExist(object_bulan, 10, OPTIONAL)): Element 'Object Repository/Halaman Registrasi/pilihan registrasi/Pilihan - Bulan lahir' is exist&#xD;
&#xD;
2019-10-15 12:33:48 - [MESSAGE][WARNING] - Element 'Object Repository/Halaman Registrasi/pilihan registrasi/Pilihan - Bulan lahir' is exist&#xD;
[[ATTACHMENT|C:\\Users\\Meteor_PC\\Katalon Studio\\Alfamind\\Reports\\20191015_123211\\Registrasi\\20191015_123211\\1571117627974.png]]&#xD;
&#xD;
2019-10-15 12:33:48 - [TEST_STEP][PASSED] - tap(object_bulan, 5): Tapped on element 'Object Repository/Halaman Registrasi/pilihan registrasi/Pilihan - Bulan lahir'&#xD;
&#xD;
2019-10-15 12:33:50 - [MESSAGE][PASSED] - Tapped on element 'Object Repository/Halaman Registrasi/pilihan registrasi/Pilihan - Bulan lahir'&#xD;
&#xD;
2019-10-15 12:33:50 - [TEST_STEP][PASSED] - tap(findTestObject("Object Repository/Halaman Registrasi/Registrasi - tahun lahir"), 5): Tapped on element 'Object Repository/Halaman Registrasi/Registrasi - tahun lahir'&#xD;
&#xD;
2019-10-15 12:33:52 - [MESSAGE][PASSED] - Tapped on element 'Object Repository/Halaman Registrasi/Registrasi - tahun lahir'&#xD;
&#xD;
2019-10-15 12:33:52 - [TEST_STEP][PASSED] - object_tahun = findTestObject("Object Repository/Halaman Registrasi/pilihan registrasi/Pilihan - Tahun lahir"): null&#xD;
&#xD;
2019-10-15 12:33:52 - [TEST_STEP][PASSED] - object_tahun.addProperty("text", EQUALS, tahun_lahir): null&#xD;
&#xD;
2019-10-15 12:33:52 - [TEST_STEP][PASSED] - if (verifyElementNotExist(object_tahun, 5, OPTIONAL)): Scrolling to text '1993' successfully&#xD;
&#xD;
2019-10-15 12:33:57 - [MESSAGE][PASSED] - Element 'Object Repository/Halaman Registrasi/pilihan registrasi/Pilihan - Tahun lahir' not found&#xD;
&#xD;
2019-10-15 12:33:57 - [TEST_STEP][PASSED] - scrollToText(tahun_lahir): Scrolling to text '1993' successfully&#xD;
&#xD;
2019-10-15 12:34:03 - [MESSAGE][PASSED] - Scrolling to text '1993' successfully&#xD;
&#xD;
2019-10-15 12:34:03 - [TEST_STEP][PASSED] - tap(object_tahun, 5): Tapped on element 'Object Repository/Halaman Registrasi/pilihan registrasi/Pilihan - Tahun lahir'&#xD;
&#xD;
2019-10-15 12:34:05 - [MESSAGE][PASSED] - Tapped on element 'Object Repository/Halaman Registrasi/pilihan registrasi/Pilihan - Tahun lahir'&#xD;
&#xD;
2019-10-15 12:34:05 - [TEST_STEP][PASSED] - setText(findTestObject("Object Repository/Halaman Registrasi/Registrasi input phone number"), no_phone, 5): Text '087812348765' has been set to element 'Object Repository/Halaman Registrasi/Registrasi input phone number'&#xD;
&#xD;
2019-10-15 12:34:06 - [MESSAGE][PASSED] - Text '087812348765' has been set to element 'Object Repository/Halaman Registrasi/Registrasi input phone number'&#xD;
&#xD;
2019-10-15 12:34:06 - [TEST_STEP][PASSED] - tap(findTestObject("Object Repository/Halaman Registrasi/Button - LANJUT"), 5): Tapped on element 'Object Repository/Halaman Registrasi/Button - LANJUT'&#xD;
&#xD;
2019-10-15 12:34:08 - [MESSAGE][PASSED] - Tapped on element 'Object Repository/Halaman Registrasi/Button - LANJUT'&#xD;
&#xD;
2019-10-15 12:34:08 - [TEST_STEP][PASSED] - setText(findTestObject("Object Repository/Halaman Registrasi/Regitrasi - nomor KTP"), no_ktp, 5): Text '1234567890123456' has been set to element 'Object Repository/Halaman Registrasi/Regitrasi - nomor KTP'&#xD;
&#xD;
2019-10-15 12:34:10 - [MESSAGE][PASSED] - Text '1234567890123456' has been set to element 'Object Repository/Halaman Registrasi/Regitrasi - nomor KTP'&#xD;
&#xD;
2019-10-15 12:34:10 - [TEST_STEP][PASSED] - tap(findTestObject("Object Repository/Halaman Registrasi/Registrasi - Upload KTP"), 5): Tapped on element 'Object Repository/Halaman Registrasi/Registrasi - Upload KTP'&#xD;
&#xD;
2019-10-15 12:34:12 - [MESSAGE][PASSED] - Tapped on element 'Object Repository/Halaman Registrasi/Registrasi - Upload KTP'&#xD;
&#xD;
2019-10-15 12:34:12 - [TEST_STEP][PASSED] - upload_foto = findTestObject("Object Repository/Halaman Registrasi/pilihan registrasi/Pilihan - Tahun lahir"): null&#xD;
&#xD;
2019-10-15 12:34:12 - [TEST_STEP][PASSED] - upload_foto.addProperty("text", EQUALS, choose_upload_foto): null&#xD;
&#xD;
2019-10-15 12:34:12 - [TEST_STEP][PASSED] - tap(upload_foto, 5): Tapped on element 'Object Repository/Halaman Registrasi/pilihan registrasi/Pilihan - Tahun lahir'&#xD;
&#xD;
2019-10-15 12:34:13 - [MESSAGE][PASSED] - Tapped on element 'Object Repository/Halaman Registrasi/pilihan registrasi/Pilihan - Tahun lahir'&#xD;
&#xD;
2019-10-15 12:34:13 - [TEST_STEP][PASSED] - tap(findTestObject("Object Repository/Halaman Registrasi/Upload KTP/Button Kamera"), 5): Tapped on element 'Object Repository/Halaman Registrasi/Upload KTP/Button Kamera'&#xD;
&#xD;
2019-10-15 12:34:17 - [MESSAGE][PASSED] - Tapped on element 'Object Repository/Halaman Registrasi/Upload KTP/Button Kamera'&#xD;
&#xD;
2019-10-15 12:34:17 - [TEST_STEP][PASSED] - tap(findTestObject("Object Repository/Halaman Registrasi/Upload KTP/android.widget.TextView2 - OK"), 5): Tapped on element 'Object Repository/Halaman Registrasi/Upload KTP/android.widget.TextView2 - OK'&#xD;
&#xD;
2019-10-15 12:34:21 - [MESSAGE][PASSED] - Tapped on element 'Object Repository/Halaman Registrasi/Upload KTP/android.widget.TextView2 - OK'&#xD;
&#xD;
2019-10-15 12:34:21 - [TEST_STEP][PASSED] - tap(findTestObject("Object Repository/Halaman Registrasi/Upload KTP/CROP"), 5): Tapped on element 'Object Repository/Halaman Registrasi/Upload KTP/CROP'&#xD;
&#xD;
2019-10-15 12:34:22 - [MESSAGE][PASSED] - Tapped on element 'Object Repository/Halaman Registrasi/Upload KTP/CROP'&#xD;
&#xD;
2019-10-15 12:34:22 - [TEST_STEP][PASSED] - scrollToText("Kode Pos"): Scrolling to text 'Kode Pos' successfully&#xD;
&#xD;
2019-10-15 12:34:29 - [MESSAGE][PASSED] - Scrolling to text 'Kode Pos' successfully&#xD;
&#xD;
2019-10-15 12:34:29 - [TEST_STEP][PASSED] - setText(findTestObject("Object Repository/Halaman Registrasi/Registrasi - alamat"), new_alamat, 5): Text 'jalan jalan' has been set to element 'Object Repository/Halaman Registrasi/Registrasi - alamat'&#xD;
&#xD;
2019-10-15 12:34:30 - [MESSAGE][PASSED] - Text 'jalan jalan' has been set to element 'Object Repository/Halaman Registrasi/Registrasi - alamat'&#xD;
&#xD;
2019-10-15 12:34:30 - [TEST_STEP][PASSED] - tap(findTestObject("Object Repository/Halaman Registrasi/Registrasi - provinsi"), 5): Tapped on element 'Object Repository/Halaman Registrasi/Registrasi - provinsi'&#xD;
&#xD;
2019-10-15 12:34:32 - [MESSAGE][PASSED] - Tapped on element 'Object Repository/Halaman Registrasi/Registrasi - provinsi'&#xD;
&#xD;
2019-10-15 12:34:32 - [TEST_STEP][PASSED] - object_provinsi = findTestObject("Object Repository/Halaman Registrasi/pilihan registrasi/Pilihan - Provinsi"): null&#xD;
&#xD;
2019-10-15 12:34:33 - [TEST_STEP][PASSED] - object_provinsi.addProperty("text", EQUALS, provinsi): null&#xD;
&#xD;
2019-10-15 12:34:33 - [TEST_STEP][PASSED] - if (verifyElementNotExist(object_provinsi, 5, OPTIONAL)): Unable to scroll to text 'BANTEN' (Root cause: org.openqa.selenium.NoSuchElementException: An element could not be located on the page using the given search parameters.
For documentation on this error, please visit: https://www.seleniumhq.org/exceptions/no_such_element.html
Build info: version: '3.141.59', revision: 'e82be7d358', time: '2018-11-14T08:25:53'
System info: host: 'DESKTOP-409KR41', ip: '172.18.100.65', os.name: 'Windows 10', os.arch: 'amd64', os.version: '10.0', java.version: '1.8.0_181'
Driver info: com.kms.katalon.core.appium.driver.SwipeableAndroidDriver
Capabilities {app: C:\Users\Meteor_PC\Download..., appPackage: id.meteor.alfamind, autoGrantPermissions: true, automationName: uiautomator2, databaseEnabled: false, desired: {app: C:\Users\Meteor_PC\Download..., autoGrantPermissions: true, automationName: uiautomator2, deviceId: , deviceName: vivo vivo 1802 (Android 8.1.0), fullReset: false, newCommandTimeout: 1800, noReset: true, platform: ANDROID, platformName: android, platformVersion: 8.1.0, systemPort: 3328, udid: ZDDAE6LZQKTKW4BI}, deviceApiLevel: 27, deviceId: , deviceManufacturer: vivo, deviceModel: vivo 1802, deviceName: ZDDAE6LZQKTKW4BI, deviceScreenDensity: 320, deviceScreenSize: 720x1520, deviceUDID: ZDDAE6LZQKTKW4BI, fullReset: false, javascriptEnabled: true, locationContextEnabled: false, networkConnectionEnabled: true, newCommandTimeout: 1800, noReset: true, pixelRatio: 2, platform: ANDROID, platformName: Android, platformVersion: 8.1.0, statBarHeight: 56, systemPort: 3328, takesScreenshot: true, udid: ZDDAE6LZQKTKW4BI, viewportRect: {height: 1380, left: 0, top: 56, width: 720}, warnings: {}, webStorageEnabled: false}
Session ID: c16d1f87-76eb-41ab-8684-c65cc9305023
*** Element info: {Using=-android uiautomator, value=new UiScrollable(new UiSelector().scrollable(true).instance(0)).scrollIntoView(new UiSelector().textContains("BANTEN"))}&#xD;
	at org.openqa.selenium.remote.http.W3CHttpResponseCodec.createException(W3CHttpResponseCodec.java:187)&#xD;
	at org.openqa.selenium.remote.http.W3CHttpResponseCodec.decode(W3CHttpResponseCodec.java:122)&#xD;
	at org.openqa.selenium.remote.http.W3CHttpResponseCodec.decode(W3CHttpResponseCodec.java:49)&#xD;
	at org.openqa.selenium.remote.HttpCommandExecutor.execute(HttpCommandExecutor.java:158)&#xD;
	at io.appium.java_client.remote.AppiumCommandExecutor.execute(AppiumCommandExecutor.java:239)&#xD;
	at org.openqa.selenium.remote.RemoteWebDriver.execute(RemoteWebDriver.java:552)&#xD;
	at io.appium.java_client.DefaultGenericMobileDriver.execute(DefaultGenericMobileDriver.java:42)&#xD;
	at io.appium.java_client.AppiumDriver.execute(AppiumDriver.java:1)&#xD;
	at io.appium.java_client.android.AndroidDriver.execute(AndroidDriver.java:1)&#xD;
	at com.kms.katalon.core.appium.driver.SwipeableAndroidDriver.execute(SwipeableAndroidDriver.java:1)&#xD;
	at org.openqa.selenium.remote.RemoteWebDriver.findElement(RemoteWebDriver.java:323)&#xD;
	at io.appium.java_client.DefaultGenericMobileDriver.findElement(DefaultGenericMobileDriver.java:62)&#xD;
	at io.appium.java_client.AppiumDriver.findElement(AppiumDriver.java:1)&#xD;
	at io.appium.java_client.android.AndroidDriver.findElement(AndroidDriver.java:1)&#xD;
	at com.kms.katalon.core.appium.driver.SwipeableAndroidDriver.findElement(SwipeableAndroidDriver.java:1)&#xD;
	at io.appium.java_client.FindsByAndroidUIAutomator.findElementByAndroidUIAutomator(FindsByAndroidUIAutomator.java:38)&#xD;
	at io.appium.java_client.FindsByAndroidUIAutomator$findElementByAndroidUIAutomator.call(Unknown Source)&#xD;
	at com.kms.katalon.core.mobile.keyword.builtin.ScrollToTextKeyword$_scrollToText_closure1.doCall(ScrollToTextKeyword.groovy:62)&#xD;
	at com.kms.katalon.core.mobile.keyword.builtin.ScrollToTextKeyword$_scrollToText_closure1.doCall(ScrollToTextKeyword.groovy)&#xD;
	at com.kms.katalon.core.mobile.keyword.internal.MobileKeywordMain.runKeyword(MobileKeywordMain.groovy:21)&#xD;
	at com.kms.katalon.core.mobile.keyword.internal.MobileKeywordMain$runKeyword.call(Unknown Source)&#xD;
	at com.kms.katalon.core.mobile.keyword.builtin.ScrollToTextKeyword.scrollToText(ScrollToTextKeyword.groovy:85)&#xD;
	at com.kms.katalon.core.mobile.keyword.builtin.ScrollToTextKeyword.execute(ScrollToTextKeyword.groovy:41)&#xD;
	at com.kms.katalon.core.keyword.internal.KeywordExecutor.executeKeywordForPlatform(KeywordExecutor.groovy:56)&#xD;
	at com.kms.katalon.core.mobile.keyword.MobileBuiltInKeywords.scrollToText(MobileBuiltInKeywords.groovy:899)&#xD;
	at com.kms.katalon.core.mobile.keyword.MobileBuiltInKeywords$scrollToText$7.call(Unknown Source)&#xD;
	at Registrasi.run(Registrasi:149)&#xD;
	at com.kms.katalon.core.main.ScriptEngine.run(ScriptEngine.java:194)&#xD;
	at com.kms.katalon.core.main.ScriptEngine.runScriptAsRawText(ScriptEngine.java:119)&#xD;
	at com.kms.katalon.core.main.TestCaseExecutor.runScript(TestCaseExecutor.java:337)&#xD;
	at com.kms.katalon.core.main.TestCaseExecutor.doExecute(TestCaseExecutor.java:328)&#xD;
	at com.kms.katalon.core.main.TestCaseExecutor.processExecutionPhase(TestCaseExecutor.java:307)&#xD;
	at com.kms.katalon.core.main.TestCaseExecutor.accessMainPhase(TestCaseExecutor.java:299)&#xD;
	at com.kms.katalon.core.main.TestCaseExecutor.execute(TestCaseExecutor.java:233)&#xD;
	at com.kms.katalon.core.main.TestSuiteExecutor.accessTestCaseMainPhase(TestSuiteExecutor.java:169)&#xD;
	at com.kms.katalon.core.main.TestSuiteExecutor.accessTestSuiteMainPhase(TestSuiteExecutor.java:142)&#xD;
	at com.kms.katalon.core.main.TestSuiteExecutor.execute(TestSuiteExecutor.java:91)&#xD;
	at com.kms.katalon.core.main.TestCaseMain.startTestSuite(TestCaseMain.java:157)&#xD;
	at com.kms.katalon.core.main.TestCaseMain$startTestSuite$0.call(Unknown Source)&#xD;
	at TempTestSuite1571117531950.run(TempTestSuite1571117531950.groovy:35)&#xD;
)&#xD;
&#xD;
2019-10-15 12:34:38 - [MESSAGE][PASSED] - Element 'Object Repository/Halaman Registrasi/pilihan registrasi/Pilihan - Provinsi' not found&#xD;
&#xD;
2019-10-15 12:34:38 - [TEST_STEP][FAILED] - scrollToText(provinsi): Unable to scroll to text 'BANTEN' (Root cause: org.openqa.selenium.NoSuchElementException: An element could not be located on the page using the given search parameters.
For documentation on this error, please visit: https://www.seleniumhq.org/exceptions/no_such_element.html
Build info: version: '3.141.59', revision: 'e82be7d358', time: '2018-11-14T08:25:53'
System info: host: 'DESKTOP-409KR41', ip: '172.18.100.65', os.name: 'Windows 10', os.arch: 'amd64', os.version: '10.0', java.version: '1.8.0_181'
Driver info: com.kms.katalon.core.appium.driver.SwipeableAndroidDriver
Capabilities {app: C:\Users\Meteor_PC\Download..., appPackage: id.meteor.alfamind, autoGrantPermissions: true, automationName: uiautomator2, databaseEnabled: false, desired: {app: C:\Users\Meteor_PC\Download..., autoGrantPermissions: true, automationName: uiautomator2, deviceId: , deviceName: vivo vivo 1802 (Android 8.1.0), fullReset: false, newCommandTimeout: 1800, noReset: true, platform: ANDROID, platformName: android, platformVersion: 8.1.0, systemPort: 3328, udid: ZDDAE6LZQKTKW4BI}, deviceApiLevel: 27, deviceId: , deviceManufacturer: vivo, deviceModel: vivo 1802, deviceName: ZDDAE6LZQKTKW4BI, deviceScreenDensity: 320, deviceScreenSize: 720x1520, deviceUDID: ZDDAE6LZQKTKW4BI, fullReset: false, javascriptEnabled: true, locationContextEnabled: false, networkConnectionEnabled: true, newCommandTimeout: 1800, noReset: true, pixelRatio: 2, platform: ANDROID, platformName: Android, platformVersion: 8.1.0, statBarHeight: 56, systemPort: 3328, takesScreenshot: true, udid: ZDDAE6LZQKTKW4BI, viewportRect: {height: 1380, left: 0, top: 56, width: 720}, warnings: {}, webStorageEnabled: false}
Session ID: c16d1f87-76eb-41ab-8684-c65cc9305023
*** Element info: {Using=-android uiautomator, value=new UiScrollable(new UiSelector().scrollable(true).instance(0)).scrollIntoView(new UiSelector().textContains("BANTEN"))}&#xD;
	at org.openqa.selenium.remote.http.W3CHttpResponseCodec.createException(W3CHttpResponseCodec.java:187)&#xD;
	at org.openqa.selenium.remote.http.W3CHttpResponseCodec.decode(W3CHttpResponseCodec.java:122)&#xD;
	at org.openqa.selenium.remote.http.W3CHttpResponseCodec.decode(W3CHttpResponseCodec.java:49)&#xD;
	at org.openqa.selenium.remote.HttpCommandExecutor.execute(HttpCommandExecutor.java:158)&#xD;
	at io.appium.java_client.remote.AppiumCommandExecutor.execute(AppiumCommandExecutor.java:239)&#xD;
	at org.openqa.selenium.remote.RemoteWebDriver.execute(RemoteWebDriver.java:552)&#xD;
	at io.appium.java_client.DefaultGenericMobileDriver.execute(DefaultGenericMobileDriver.java:42)&#xD;
	at io.appium.java_client.AppiumDriver.execute(AppiumDriver.java:1)&#xD;
	at io.appium.java_client.android.AndroidDriver.execute(AndroidDriver.java:1)&#xD;
	at com.kms.katalon.core.appium.driver.SwipeableAndroidDriver.execute(SwipeableAndroidDriver.java:1)&#xD;
	at org.openqa.selenium.remote.RemoteWebDriver.findElement(RemoteWebDriver.java:323)&#xD;
	at io.appium.java_client.DefaultGenericMobileDriver.findElement(DefaultGenericMobileDriver.java:62)&#xD;
	at io.appium.java_client.AppiumDriver.findElement(AppiumDriver.java:1)&#xD;
	at io.appium.java_client.android.AndroidDriver.findElement(AndroidDriver.java:1)&#xD;
	at com.kms.katalon.core.appium.driver.SwipeableAndroidDriver.findElement(SwipeableAndroidDriver.java:1)&#xD;
	at io.appium.java_client.FindsByAndroidUIAutomator.findElementByAndroidUIAutomator(FindsByAndroidUIAutomator.java:38)&#xD;
	at io.appium.java_client.FindsByAndroidUIAutomator$findElementByAndroidUIAutomator.call(Unknown Source)&#xD;
	at com.kms.katalon.core.mobile.keyword.builtin.ScrollToTextKeyword$_scrollToText_closure1.doCall(ScrollToTextKeyword.groovy:62)&#xD;
	at com.kms.katalon.core.mobile.keyword.builtin.ScrollToTextKeyword$_scrollToText_closure1.doCall(ScrollToTextKeyword.groovy)&#xD;
	at com.kms.katalon.core.mobile.keyword.internal.MobileKeywordMain.runKeyword(MobileKeywordMain.groovy:21)&#xD;
	at com.kms.katalon.core.mobile.keyword.internal.MobileKeywordMain$runKeyword.call(Unknown Source)&#xD;
	at com.kms.katalon.core.mobile.keyword.builtin.ScrollToTextKeyword.scrollToText(ScrollToTextKeyword.groovy:85)&#xD;
	at com.kms.katalon.core.mobile.keyword.builtin.ScrollToTextKeyword.execute(ScrollToTextKeyword.groovy:41)&#xD;
	at com.kms.katalon.core.keyword.internal.KeywordExecutor.executeKeywordForPlatform(KeywordExecutor.groovy:56)&#xD;
	at com.kms.katalon.core.mobile.keyword.MobileBuiltInKeywords.scrollToText(MobileBuiltInKeywords.groovy:899)&#xD;
	at com.kms.katalon.core.mobile.keyword.MobileBuiltInKeywords$scrollToText$7.call(Unknown Source)&#xD;
	at Registrasi.run(Registrasi:149)&#xD;
	at com.kms.katalon.core.main.ScriptEngine.run(ScriptEngine.java:194)&#xD;
	at com.kms.katalon.core.main.ScriptEngine.runScriptAsRawText(ScriptEngine.java:119)&#xD;
	at com.kms.katalon.core.main.TestCaseExecutor.runScript(TestCaseExecutor.java:337)&#xD;
	at com.kms.katalon.core.main.TestCaseExecutor.doExecute(TestCaseExecutor.java:328)&#xD;
	at com.kms.katalon.core.main.TestCaseExecutor.processExecutionPhase(TestCaseExecutor.java:307)&#xD;
	at com.kms.katalon.core.main.TestCaseExecutor.accessMainPhase(TestCaseExecutor.java:299)&#xD;
	at com.kms.katalon.core.main.TestCaseExecutor.execute(TestCaseExecutor.java:233)&#xD;
	at com.kms.katalon.core.main.TestSuiteExecutor.accessTestCaseMainPhase(TestSuiteExecutor.java:169)&#xD;
	at com.kms.katalon.core.main.TestSuiteExecutor.accessTestSuiteMainPhase(TestSuiteExecutor.java:142)&#xD;
	at com.kms.katalon.core.main.TestSuiteExecutor.execute(TestSuiteExecutor.java:91)&#xD;
	at com.kms.katalon.core.main.TestCaseMain.startTestSuite(TestCaseMain.java:157)&#xD;
	at com.kms.katalon.core.main.TestCaseMain$startTestSuite$0.call(Unknown Source)&#xD;
	at TempTestSuite1571117531950.run(TempTestSuite1571117531950.groovy:35)&#xD;
)&#xD;
&#xD;
2019-10-15 12:35:12 - [MESSAGE][FAILED] - Unable to scroll to text 'BANTEN' (Root cause: org.openqa.selenium.NoSuchElementException: An element could not be located on the page using the given search parameters.
For documentation on this error, please visit: https://www.seleniumhq.org/exceptions/no_such_element.html
Build info: version: '3.141.59', revision: 'e82be7d358', time: '2018-11-14T08:25:53'
System info: host: 'DESKTOP-409KR41', ip: '172.18.100.65', os.name: 'Windows 10', os.arch: 'amd64', os.version: '10.0', java.version: '1.8.0_181'
Driver info: com.kms.katalon.core.appium.driver.SwipeableAndroidDriver
Capabilities {app: C:\Users\Meteor_PC\Download..., appPackage: id.meteor.alfamind, autoGrantPermissions: true, automationName: uiautomator2, databaseEnabled: false, desired: {app: C:\Users\Meteor_PC\Download..., autoGrantPermissions: true, automationName: uiautomator2, deviceId: , deviceName: vivo vivo 1802 (Android 8.1.0), fullReset: false, newCommandTimeout: 1800, noReset: true, platform: ANDROID, platformName: android, platformVersion: 8.1.0, systemPort: 3328, udid: ZDDAE6LZQKTKW4BI}, deviceApiLevel: 27, deviceId: , deviceManufacturer: vivo, deviceModel: vivo 1802, deviceName: ZDDAE6LZQKTKW4BI, deviceScreenDensity: 320, deviceScreenSize: 720x1520, deviceUDID: ZDDAE6LZQKTKW4BI, fullReset: false, javascriptEnabled: true, locationContextEnabled: false, networkConnectionEnabled: true, newCommandTimeout: 1800, noReset: true, pixelRatio: 2, platform: ANDROID, platformName: Android, platformVersion: 8.1.0, statBarHeight: 56, systemPort: 3328, takesScreenshot: true, udid: ZDDAE6LZQKTKW4BI, viewportRect: {height: 1380, left: 0, top: 56, width: 720}, warnings: {}, webStorageEnabled: false}
Session ID: c16d1f87-76eb-41ab-8684-c65cc9305023
*** Element info: {Using=-android uiautomator, value=new UiScrollable(new UiSelector().scrollable(true).instance(0)).scrollIntoView(new UiSelector().textContains("BANTEN"))}&#xD;
	at org.openqa.selenium.remote.http.W3CHttpResponseCodec.createException(W3CHttpResponseCodec.java:187)&#xD;
	at org.openqa.selenium.remote.http.W3CHttpResponseCodec.decode(W3CHttpResponseCodec.java:122)&#xD;
	at org.openqa.selenium.remote.http.W3CHttpResponseCodec.decode(W3CHttpResponseCodec.java:49)&#xD;
	at org.openqa.selenium.remote.HttpCommandExecutor.execute(HttpCommandExecutor.java:158)&#xD;
	at io.appium.java_client.remote.AppiumCommandExecutor.execute(AppiumCommandExecutor.java:239)&#xD;
	at org.openqa.selenium.remote.RemoteWebDriver.execute(RemoteWebDriver.java:552)&#xD;
	at io.appium.java_client.DefaultGenericMobileDriver.execute(DefaultGenericMobileDriver.java:42)&#xD;
	at io.appium.java_client.AppiumDriver.execute(AppiumDriver.java:1)&#xD;
	at io.appium.java_client.android.AndroidDriver.execute(AndroidDriver.java:1)&#xD;
	at com.kms.katalon.core.appium.driver.SwipeableAndroidDriver.execute(SwipeableAndroidDriver.java:1)&#xD;
	at org.openqa.selenium.remote.RemoteWebDriver.findElement(RemoteWebDriver.java:323)&#xD;
	at io.appium.java_client.DefaultGenericMobileDriver.findElement(DefaultGenericMobileDriver.java:62)&#xD;
	at io.appium.java_client.AppiumDriver.findElement(AppiumDriver.java:1)&#xD;
	at io.appium.java_client.android.AndroidDriver.findElement(AndroidDriver.java:1)&#xD;
	at com.kms.katalon.core.appium.driver.SwipeableAndroidDriver.findElement(SwipeableAndroidDriver.java:1)&#xD;
	at io.appium.java_client.FindsByAndroidUIAutomator.findElementByAndroidUIAutomator(FindsByAndroidUIAutomator.java:38)&#xD;
	at io.appium.java_client.FindsByAndroidUIAutomator$findElementByAndroidUIAutomator.call(Unknown Source)&#xD;
	at com.kms.katalon.core.mobile.keyword.builtin.ScrollToTextKeyword$_scrollToText_closure1.doCall(ScrollToTextKeyword.groovy:62)&#xD;
	at com.kms.katalon.core.mobile.keyword.builtin.ScrollToTextKeyword$_scrollToText_closure1.doCall(ScrollToTextKeyword.groovy)&#xD;
	at com.kms.katalon.core.mobile.keyword.internal.MobileKeywordMain.runKeyword(MobileKeywordMain.groovy:21)&#xD;
	at com.kms.katalon.core.mobile.keyword.internal.MobileKeywordMain$runKeyword.call(Unknown Source)&#xD;
	at com.kms.katalon.core.mobile.keyword.builtin.ScrollToTextKeyword.scrollToText(ScrollToTextKeyword.groovy:85)&#xD;
	at com.kms.katalon.core.mobile.keyword.builtin.ScrollToTextKeyword.execute(ScrollToTextKeyword.groovy:41)&#xD;
	at com.kms.katalon.core.keyword.internal.KeywordExecutor.executeKeywordForPlatform(KeywordExecutor.groovy:56)&#xD;
	at com.kms.katalon.core.mobile.keyword.MobileBuiltInKeywords.scrollToText(MobileBuiltInKeywords.groovy:899)&#xD;
	at com.kms.katalon.core.mobile.keyword.MobileBuiltInKeywords$scrollToText$7.call(Unknown Source)&#xD;
	at Registrasi.run(Registrasi:149)&#xD;
	at com.kms.katalon.core.main.ScriptEngine.run(ScriptEngine.java:194)&#xD;
	at com.kms.katalon.core.main.ScriptEngine.runScriptAsRawText(ScriptEngine.java:119)&#xD;
	at com.kms.katalon.core.main.TestCaseExecutor.runScript(TestCaseExecutor.java:337)&#xD;
	at com.kms.katalon.core.main.TestCaseExecutor.doExecute(TestCaseExecutor.java:328)&#xD;
	at com.kms.katalon.core.main.TestCaseExecutor.processExecutionPhase(TestCaseExecutor.java:307)&#xD;
	at com.kms.katalon.core.main.TestCaseExecutor.accessMainPhase(TestCaseExecutor.java:299)&#xD;
	at com.kms.katalon.core.main.TestCaseExecutor.execute(TestCaseExecutor.java:233)&#xD;
	at com.kms.katalon.core.main.TestSuiteExecutor.accessTestCaseMainPhase(TestSuiteExecutor.java:169)&#xD;
	at com.kms.katalon.core.main.TestSuiteExecutor.accessTestSuiteMainPhase(TestSuiteExecutor.java:142)&#xD;
	at com.kms.katalon.core.main.TestSuiteExecutor.execute(TestSuiteExecutor.java:91)&#xD;
	at com.kms.katalon.core.main.TestCaseMain.startTestSuite(TestCaseMain.java:157)&#xD;
	at com.kms.katalon.core.main.TestCaseMain$startTestSuite$0.call(Unknown Source)&#xD;
	at TempTestSuite1571117531950.run(TempTestSuite1571117531950.groovy:35)&#xD;
)&#xD;
[[ATTACHMENT|C:\\Users\\Meteor_PC\\Katalon Studio\\Alfamind\\Reports\\20191015_123211\\Registrasi\\20191015_123211\\1571117711830.png]]</system-out>
            <system-err>2019-10-15 12:32:19 - [TEST_CASE][FAILED] - Test Cases/Registrasi/Registrasi: Test Cases/Registrasi/Registrasi FAILED.
Reason:
com.kms.katalon.core.exception.StepFailedException: Unable to scroll to text 'BANTEN' (Root cause: org.openqa.selenium.NoSuchElementException: An element could not be located on the page using the given search parameters.
For documentation on this error, please visit: https://www.seleniumhq.org/exceptions/no_such_element.html
Build info: version: '3.141.59', revision: 'e82be7d358', time: '2018-11-14T08:25:53'
System info: host: 'DESKTOP-409KR41', ip: '172.18.100.65', os.name: 'Windows 10', os.arch: 'amd64', os.version: '10.0', java.version: '1.8.0_181'
Driver info: com.kms.katalon.core.appium.driver.SwipeableAndroidDriver
Capabilities {app: C:\Users\Meteor_PC\Download..., appPackage: id.meteor.alfamind, autoGrantPermissions: true, automationName: uiautomator2, databaseEnabled: false, desired: {app: C:\Users\Meteor_PC\Download..., autoGrantPermissions: true, automationName: uiautomator2, deviceId: , deviceName: vivo vivo 1802 (Android 8.1.0), fullReset: false, newCommandTimeout: 1800, noReset: true, platform: ANDROID, platformName: android, platformVersion: 8.1.0, systemPort: 3328, udid: ZDDAE6LZQKTKW4BI}, deviceApiLevel: 27, deviceId: , deviceManufacturer: vivo, deviceModel: vivo 1802, deviceName: ZDDAE6LZQKTKW4BI, deviceScreenDensity: 320, deviceScreenSize: 720x1520, deviceUDID: ZDDAE6LZQKTKW4BI, fullReset: false, javascriptEnabled: true, locationContextEnabled: false, networkConnectionEnabled: true, newCommandTimeout: 1800, noReset: true, pixelRatio: 2, platform: ANDROID, platformName: Android, platformVersion: 8.1.0, statBarHeight: 56, systemPort: 3328, takesScreenshot: true, udid: ZDDAE6LZQKTKW4BI, viewportRect: {height: 1380, left: 0, top: 56, width: 720}, warnings: {}, webStorageEnabled: false}
Session ID: c16d1f87-76eb-41ab-8684-c65cc9305023
*** Element info: {Using=-android uiautomator, value=new UiScrollable(new UiSelector().scrollable(true).instance(0)).scrollIntoView(new UiSelector().textContains("BANTEN"))}&#xD;
	at org.openqa.selenium.remote.http.W3CHttpResponseCodec.createException(W3CHttpResponseCodec.java:187)&#xD;
	at org.openqa.selenium.remote.http.W3CHttpResponseCodec.decode(W3CHttpResponseCodec.java:122)&#xD;
	at org.openqa.selenium.remote.http.W3CHttpResponseCodec.decode(W3CHttpResponseCodec.java:49)&#xD;
	at org.openqa.selenium.remote.HttpCommandExecutor.execute(HttpCommandExecutor.java:158)&#xD;
	at io.appium.java_client.remote.AppiumCommandExecutor.execute(AppiumCommandExecutor.java:239)&#xD;
	at org.openqa.selenium.remote.RemoteWebDriver.execute(RemoteWebDriver.java:552)&#xD;
	at io.appium.java_client.DefaultGenericMobileDriver.execute(DefaultGenericMobileDriver.java:42)&#xD;
	at io.appium.java_client.AppiumDriver.execute(AppiumDriver.java:1)&#xD;
	at io.appium.java_client.android.AndroidDriver.execute(AndroidDriver.java:1)&#xD;
	at com.kms.katalon.core.appium.driver.SwipeableAndroidDriver.execute(SwipeableAndroidDriver.java:1)&#xD;
	at org.openqa.selenium.remote.RemoteWebDriver.findElement(RemoteWebDriver.java:323)&#xD;
	at io.appium.java_client.DefaultGenericMobileDriver.findElement(DefaultGenericMobileDriver.java:62)&#xD;
	at io.appium.java_client.AppiumDriver.findElement(AppiumDriver.java:1)&#xD;
	at io.appium.java_client.android.AndroidDriver.findElement(AndroidDriver.java:1)&#xD;
	at com.kms.katalon.core.appium.driver.SwipeableAndroidDriver.findElement(SwipeableAndroidDriver.java:1)&#xD;
	at io.appium.java_client.FindsByAndroidUIAutomator.findElementByAndroidUIAutomator(FindsByAndroidUIAutomator.java:38)&#xD;
	at io.appium.java_client.FindsByAndroidUIAutomator$findElementByAndroidUIAutomator.call(Unknown Source)&#xD;
	at com.kms.katalon.core.mobile.keyword.builtin.ScrollToTextKeyword$_scrollToText_closure1.doCall(ScrollToTextKeyword.groovy:62)&#xD;
	at com.kms.katalon.core.mobile.keyword.builtin.ScrollToTextKeyword$_scrollToText_closure1.doCall(ScrollToTextKeyword.groovy)&#xD;
	at com.kms.katalon.core.mobile.keyword.internal.MobileKeywordMain.runKeyword(MobileKeywordMain.groovy:21)&#xD;
	at com.kms.katalon.core.mobile.keyword.internal.MobileKeywordMain$runKeyword.call(Unknown Source)&#xD;
	at com.kms.katalon.core.mobile.keyword.builtin.ScrollToTextKeyword.scrollToText(ScrollToTextKeyword.groovy:85)&#xD;
	at com.kms.katalon.core.mobile.keyword.builtin.ScrollToTextKeyword.execute(ScrollToTextKeyword.groovy:41)&#xD;
	at com.kms.katalon.core.keyword.internal.KeywordExecutor.executeKeywordForPlatform(KeywordExecutor.groovy:56)&#xD;
	at com.kms.katalon.core.mobile.keyword.MobileBuiltInKeywords.scrollToText(MobileBuiltInKeywords.groovy:899)&#xD;
	at com.kms.katalon.core.mobile.keyword.MobileBuiltInKeywords$scrollToText$7.call(Unknown Source)&#xD;
	at Registrasi.run(Registrasi:149)&#xD;
	at com.kms.katalon.core.main.ScriptEngine.run(ScriptEngine.java:194)&#xD;
	at com.kms.katalon.core.main.ScriptEngine.runScriptAsRawText(ScriptEngine.java:119)&#xD;
	at com.kms.katalon.core.main.TestCaseExecutor.runScript(TestCaseExecutor.java:337)&#xD;
	at com.kms.katalon.core.main.TestCaseExecutor.doExecute(TestCaseExecutor.java:328)&#xD;
	at com.kms.katalon.core.main.TestCaseExecutor.processExecutionPhase(TestCaseExecutor.java:307)&#xD;
	at com.kms.katalon.core.main.TestCaseExecutor.accessMainPhase(TestCaseExecutor.java:299)&#xD;
	at com.kms.katalon.core.main.TestCaseExecutor.execute(TestCaseExecutor.java:233)&#xD;
	at com.kms.katalon.core.main.TestSuiteExecutor.accessTestCaseMainPhase(TestSuiteExecutor.java:169)&#xD;
	at com.kms.katalon.core.main.TestSuiteExecutor.accessTestSuiteMainPhase(TestSuiteExecutor.java:142)&#xD;
	at com.kms.katalon.core.main.TestSuiteExecutor.execute(TestSuiteExecutor.java:91)&#xD;
	at com.kms.katalon.core.main.TestCaseMain.startTestSuite(TestCaseMain.java:157)&#xD;
	at com.kms.katalon.core.main.TestCaseMain$startTestSuite$0.call(Unknown Source)&#xD;
	at TempTestSuite1571117531950.run(TempTestSuite1571117531950.groovy:35)&#xD;
)&#xD;
	at com.kms.katalon.core.keyword.internal.KeywordMain.stepFailed(KeywordMain.groovy:50)&#xD;
	at com.kms.katalon.core.mobile.keyword.internal.MobileKeywordMain.stepFailed(MobileKeywordMain.groovy:40)&#xD;
	at com.kms.katalon.core.mobile.keyword.internal.MobileKeywordMain.runKeyword(MobileKeywordMain.groovy:23)&#xD;
	at com.kms.katalon.core.mobile.keyword.internal.MobileKeywordMain$runKeyword.call(Unknown Source)&#xD;
	at com.kms.katalon.core.mobile.keyword.builtin.ScrollToTextKeyword.scrollToText(ScrollToTextKeyword.groovy:85)&#xD;
	at com.kms.katalon.core.mobile.keyword.builtin.ScrollToTextKeyword.execute(ScrollToTextKeyword.groovy:41)&#xD;
	at com.kms.katalon.core.keyword.internal.KeywordExecutor.executeKeywordForPlatform(KeywordExecutor.groovy:56)&#xD;
	at com.kms.katalon.core.mobile.keyword.MobileBuiltInKeywords.scrollToText(MobileBuiltInKeywords.groovy:899)&#xD;
	at com.kms.katalon.core.mobile.keyword.MobileBuiltInKeywords$scrollToText$7.call(Unknown Source)&#xD;
	at Registrasi.run(Registrasi:149)&#xD;
	at com.kms.katalon.core.main.ScriptEngine.run(ScriptEngine.java:194)&#xD;
	at com.kms.katalon.core.main.ScriptEngine.runScriptAsRawText(ScriptEngine.java:119)&#xD;
	at com.kms.katalon.core.main.TestCaseExecutor.runScript(TestCaseExecutor.java:337)&#xD;
	at com.kms.katalon.core.main.TestCaseExecutor.doExecute(TestCaseExecutor.java:328)&#xD;
	at com.kms.katalon.core.main.TestCaseExecutor.processExecutionPhase(TestCaseExecutor.java:307)&#xD;
	at com.kms.katalon.core.main.TestCaseExecutor.accessMainPhase(TestCaseExecutor.java:299)&#xD;
	at com.kms.katalon.core.main.TestCaseExecutor.execute(TestCaseExecutor.java:233)&#xD;
	at com.kms.katalon.core.main.TestSuiteExecutor.accessTestCaseMainPhase(TestSuiteExecutor.java:169)&#xD;
	at com.kms.katalon.core.main.TestSuiteExecutor.accessTestSuiteMainPhase(TestSuiteExecutor.java:142)&#xD;
	at com.kms.katalon.core.main.TestSuiteExecutor.execute(TestSuiteExecutor.java:91)&#xD;
	at com.kms.katalon.core.main.TestCaseMain.startTestSuite(TestCaseMain.java:157)&#xD;
	at com.kms.katalon.core.main.TestCaseMain$startTestSuite$0.call(Unknown Source)&#xD;
	at TempTestSuite1571117531950.run(TempTestSuite1571117531950.groovy:35)&#xD;
Caused by: org.openqa.selenium.NoSuchElementException: An element could not be located on the page using the given search parameters.
For documentation on this error, please visit: https://www.seleniumhq.org/exceptions/no_such_element.html
Build info: version: '3.141.59', revision: 'e82be7d358', time: '2018-11-14T08:25:53'
System info: host: 'DESKTOP-409KR41', ip: '172.18.100.65', os.name: 'Windows 10', os.arch: 'amd64', os.version: '10.0', java.version: '1.8.0_181'
Driver info: com.kms.katalon.core.appium.driver.SwipeableAndroidDriver
Capabilities {app: C:\Users\Meteor_PC\Download..., appPackage: id.meteor.alfamind, autoGrantPermissions: true, automationName: uiautomator2, databaseEnabled: false, desired: {app: C:\Users\Meteor_PC\Download..., autoGrantPermissions: true, automationName: uiautomator2, deviceId: , deviceName: vivo vivo 1802 (Android 8.1.0), fullReset: false, newCommandTimeout: 1800, noReset: true, platform: ANDROID, platformName: android, platformVersion: 8.1.0, systemPort: 3328, udid: ZDDAE6LZQKTKW4BI}, deviceApiLevel: 27, deviceId: , deviceManufacturer: vivo, deviceModel: vivo 1802, deviceName: ZDDAE6LZQKTKW4BI, deviceScreenDensity: 320, deviceScreenSize: 720x1520, deviceUDID: ZDDAE6LZQKTKW4BI, fullReset: false, javascriptEnabled: true, locationContextEnabled: false, networkConnectionEnabled: true, newCommandTimeout: 1800, noReset: true, pixelRatio: 2, platform: ANDROID, platformName: Android, platformVersion: 8.1.0, statBarHeight: 56, systemPort: 3328, takesScreenshot: true, udid: ZDDAE6LZQKTKW4BI, viewportRect: {height: 1380, left: 0, top: 56, width: 720}, warnings: {}, webStorageEnabled: false}
Session ID: c16d1f87-76eb-41ab-8684-c65cc9305023
*** Element info: {Using=-android uiautomator, value=new UiScrollable(new UiSelector().scrollable(true).instance(0)).scrollIntoView(new UiSelector().textContains("BANTEN"))}&#xD;
	at org.openqa.selenium.remote.http.W3CHttpResponseCodec.createException(W3CHttpResponseCodec.java:187)&#xD;
	at org.openqa.selenium.remote.http.W3CHttpResponseCodec.decode(W3CHttpResponseCodec.java:122)&#xD;
	at org.openqa.selenium.remote.http.W3CHttpResponseCodec.decode(W3CHttpResponseCodec.java:49)&#xD;
	at org.openqa.selenium.remote.HttpCommandExecutor.execute(HttpCommandExecutor.java:158)&#xD;
	at io.appium.java_client.remote.AppiumCommandExecutor.execute(AppiumCommandExecutor.java:239)&#xD;
	at org.openqa.selenium.remote.RemoteWebDriver.execute(RemoteWebDriver.java:552)&#xD;
	at io.appium.java_client.DefaultGenericMobileDriver.execute(DefaultGenericMobileDriver.java:42)&#xD;
	at io.appium.java_client.AppiumDriver.execute(AppiumDriver.java:1)&#xD;
	at io.appium.java_client.android.AndroidDriver.execute(AndroidDriver.java:1)&#xD;
	at com.kms.katalon.core.appium.driver.SwipeableAndroidDriver.execute(SwipeableAndroidDriver.java:1)&#xD;
	at org.openqa.selenium.remote.RemoteWebDriver.findElement(RemoteWebDriver.java:323)&#xD;
	at io.appium.java_client.DefaultGenericMobileDriver.findElement(DefaultGenericMobileDriver.java:62)&#xD;
	at io.appium.java_client.AppiumDriver.findElement(AppiumDriver.java:1)&#xD;
	at io.appium.java_client.android.AndroidDriver.findElement(AndroidDriver.java:1)&#xD;
	at com.kms.katalon.core.appium.driver.SwipeableAndroidDriver.findElement(SwipeableAndroidDriver.java:1)&#xD;
	at io.appium.java_client.FindsByAndroidUIAutomator.findElementByAndroidUIAutomator(FindsByAndroidUIAutomator.java:38)&#xD;
	at io.appium.java_client.FindsByAndroidUIAutomator$findElementByAndroidUIAutomator.call(Unknown Source)&#xD;
	at com.kms.katalon.core.mobile.keyword.builtin.ScrollToTextKeyword$_scrollToText_closure1.doCall(ScrollToTextKeyword.groovy:62)&#xD;
	at com.kms.katalon.core.mobile.keyword.builtin.ScrollToTextKeyword$_scrollToText_closure1.doCall(ScrollToTextKeyword.groovy)&#xD;
	at com.kms.katalon.core.mobile.keyword.internal.MobileKeywordMain.runKeyword(MobileKeywordMain.groovy:21)&#xD;
	... 20 more</system-err>
        </testcase>
        <system-out>2019-10-15 12:32:18 - [TEST_SUITE][INCOMPLETE] - Registrasi: null</system-out>
        <system-err>2019-10-15 12:32:18 - [TEST_SUITE][INCOMPLETE] - Registrasi: null</system-err>
    </testsuite>
</testsuites>
